C:\Users\Leonardo\Documents\Visual Studio 2012\Projects\SimFis\Debug\cloth.obj
C:\Users\Leonardo\Documents\Visual Studio 2012\Projects\SimFis\Debug\constraint.obj
C:\Users\Leonardo\Documents\Visual Studio 2012\Projects\SimFis\Debug\cube.obj
C:\Users\Leonardo\Documents\Visual Studio 2012\Projects\SimFis\Debug\euler.obj
C:\Users\Leonardo\Documents\Visual Studio 2012\Projects\SimFis\Debug\forcegenerator.obj
C:\Users\Leonardo\Documents\Visual Studio 2012\Projects\SimFis\Debug\graphics.obj
C:\Users\Leonardo\Documents\Visual Studio 2012\Projects\SimFis\Debug\gravity.obj
C:\Users\Leonardo\Documents\Visual Studio 2012\Projects\SimFis\Debug\integrator.obj
C:\Users\Leonardo\Documents\Visual Studio 2012\Projects\SimFis\Debug\main.obj
C:\Users\Leonardo\Documents\Visual Studio 2012\Projects\SimFis\Debug\manipulator.obj
C:\Users\Leonardo\Documents\Visual Studio 2012\Projects\SimFis\Debug\medium.obj
C:\Users\Leonardo\Documents\Visual Studio 2012\Projects\SimFis\Debug\particle.obj
C:\Users\Leonardo\Documents\Visual Studio 2012\Projects\SimFis\Debug\particlegenerator.obj
C:\Users\Leonardo\Documents\Visual Studio 2012\Projects\SimFis\Debug\plane.obj
C:\Users\Leonardo\Documents\Visual Studio 2012\Projects\SimFis\Debug\simulation.obj
C:\Users\Leonardo\Documents\Visual Studio 2012\Projects\SimFis\Debug\spring.obj
C:\Users\Leonardo\Documents\Visual Studio 2012\Projects\SimFis\Debug\verlet.obj
C:\Users\Leonardo\Documents\Visual Studio 2012\Projects\SimFis\Debug\SimFis.ilk
C:\Users\Leonardo\Documents\Visual Studio 2012\Projects\SimFis\Debug\vc70.idb
C:\Users\Leonardo\Documents\Visual Studio 2012\Projects\SimFis\Debug\SimFis.pdb
C:\Users\Leonardo\Documents\Visual Studio 2012\Projects\SimFis\Debug\vc70.pdb
