Build started 21/02/2016 23:46:35.
     1>Project "C:\Users\Leonardo\Documents\Visual Studio 2013\Projects\SimFis\SimFis.vcxproj" on node 2 (Build target(s)).
     1>Link:
         C:\Program Files (x86)\Microsoft Visual Studio 12.0\VC\bin\link.exe /ERRORREPORT:PROMPT /OUT:"Debug\SimFis.exe" /INCREMENTAL /NOLOGO /LIBPATH:"C:\Users\Leonardo\Documents\Visual Studio 2013\Projects\SimFis\\Properties\lib" kernel32.lib user32.lib gdi32.lib winspool.lib comdlg32.lib advapi32.lib shell32.lib ole32.lib oleaut32.lib uuid.lib odbc32.lib odbccp32.lib /MANIFEST /MANIFESTUAC:"level='asInvoker' uiAccess='false'" /manifest:embed /DEBUG /PDB:"Debug\SimFis.pdb" /SUBSYSTEM:CONSOLE /TLBID:1 /DYNAMICBASE /NXCOMPAT /IMPLIB:"Debug\SimFis.lib" /MACHINE:X86 /SAFESEH:NO Debug\graphics.obj
         Debug\manipulator.obj
         Debug\simulation.obj
         Debug\forcegenerator.obj
         Debug\gravity.obj
         Debug\medium.obj
         Debug\spring.obj
         Debug\euler.obj
         Debug\integrator.obj
         Debug\verlet.obj
         Debug\cloth.obj
         Debug\cube.obj
         Debug\particle.obj
         Debug\particlegenerator.obj
         Debug\plane.obj
         Debug\constraint.obj
         Debug\main.obj
         SimFis.vcxproj -> C:\Users\Leonardo\Documents\Visual Studio 2013\Projects\SimFis\Debug\SimFis.exe
     1>Done Building Project "C:\Users\Leonardo\Documents\Visual Studio 2013\Projects\SimFis\SimFis.vcxproj" (Build target(s)).

Build succeeded.

Time Elapsed 00:00:10.81
